
RAxML-NG v. 1.2.2-master released on 30.04.2024 by The Exelixis Lab.
Developed by: Alexey M. Kozlov and Alexandros Stamatakis.
Contributors: Diego Darriba, Tomas Flouri, Benoit Morel, Sarah Lutteropp, Ben Bettisworth, Julia Haag, Anastasis Togkousidis.
Latest version: https://github.com/amkozlov/raxml-ng
Questions/problems/suggestions? Please visit: https://groups.google.com/forum/#!forum/raxml

System: AMD Ryzen Threadripper 3970X 32-Core Processor, 32 cores, 251 GB RAM

RAxML-NG was called at 05-Feb-2025 17:52:03 as follows:

raxml-ng --all --msa gl_output_rmq.fasta --model HKY+I+G16 --bs-trees 1000 --threads 40

Analysis options:
  run mode: ML tree search + bootstrapping (Felsenstein Bootstrap)
  start tree(s): random (10) + parsimony (10)
  bootstrap replicates: parsimony (1000)
  random seed: 1738738323
  tip-inner: OFF
  pattern compression: ON
  per-rate scalers: OFF
  site repeats: ON
  logLH epsilon: general: 10.000000, brlen-triplet: 1000.000000
  fast spr radius: AUTO
  spr subtree cutoff: 1.000000
  fast CLV updates: ON
  branch lengths: proportional (ML estimate, algorithm: NR-FAST)
  SIMD kernels: AVX2
  parallelization: coarse-grained (auto), PTHREADS (40 threads), thread pinning: OFF

[00:00:00] Reading alignment from file: gl_output_rmq.fasta
[00:00:00] Loaded alignment with 73 taxa and 52408 sites

Alignment comprises 1 partitions and 3749 patterns

Partition 0: noname
Model: HKY+FO+I+G16m
Alignment sites / patterns: 52408 / 3749
Gaps: 10.03 %
Invariant sites: 98.56 %


NOTE: Binary MSA file created: gl_output_rmq.fasta.raxml.rba

Parallelization scheme autoconfig: 5 worker(s) x 8 thread(s)

[00:00:00] Generating 10 random starting tree(s) with 73 taxa
[00:00:00] Generating 10 parsimony starting tree(s) with 73 taxa
Parallel parsimony with 40 threads
Parallel reduction/worker buffer size: 1 KB  / 0 KB

[00:00:00] Data distribution: max. partitions/sites/weight per thread: 1 / 469 / 30016
[00:00:00] Data distribution: max. searches per worker: 204

Starting ML tree search with 20 distinct starting trees

[00:01:15] [worker #1] ML tree search #2, logLikelihood: -81186.580958
[00:01:23] [worker #0] ML tree search #1, logLikelihood: -81178.749405
[00:01:30] [worker #2] ML tree search #3, logLikelihood: -81186.808775
[00:01:34] [worker #4] ML tree search #5, logLikelihood: -81183.557185
[00:01:38] [worker #3] ML tree search #4, logLikelihood: -81188.748339
[00:02:16] [worker #1] ML tree search #7, logLikelihood: -81178.752372
[00:02:27] [worker #0] ML tree search #6, logLikelihood: -81178.781894
[00:02:30] [worker #2] ML tree search #8, logLikelihood: -81182.319113
[00:02:56] [worker #3] ML tree search #9, logLikelihood: -81186.884899
[00:03:00] [worker #1] ML tree search #12, logLikelihood: -81178.844705
[00:03:07] [worker #4] ML tree search #10, logLikelihood: -81182.314064
[00:03:10] [worker #2] ML tree search #13, logLikelihood: -81190.445273
[00:03:33] [worker #0] ML tree search #11, logLikelihood: -81178.841988
[00:03:54] [worker #4] ML tree search #15, logLikelihood: -81179.949301
[00:04:02] [worker #3] ML tree search #14, logLikelihood: -81187.097339
[00:04:08] [worker #1] ML tree search #17, logLikelihood: -81179.971701
[00:04:14] [worker #2] ML tree search #18, logLikelihood: -81182.412275
[00:04:19] [worker #0] ML tree search #16, logLikelihood: -81179.962917
[00:04:34] [worker #4] ML tree search #20, logLikelihood: -81184.996865
[00:04:40] [worker #3] ML tree search #19, logLikelihood: -81189.484253

[00:04:40] ML tree search completed, best tree logLH: -81178.749405

[00:04:40] Starting bootstrapping analysis with 1000 replicates.

[00:05:23] [worker #1] Bootstrap tree #2, logLikelihood: -81350.197436
[00:05:30] [worker #4] Bootstrap tree #5, logLikelihood: -80750.489650
[00:05:31] [worker #2] Bootstrap tree #3, logLikelihood: -80769.258645
[00:05:34] [worker #3] Bootstrap tree #4, logLikelihood: -81333.166925
[00:05:55] [worker #0] Bootstrap tree #1, logLikelihood: -81120.119617
[00:05:59] [worker #2] Bootstrap tree #8, logLikelihood: -81285.229267
[00:06:07] [worker #4] Bootstrap tree #10, logLikelihood: -81203.980494
[00:06:21] [worker #1] Bootstrap tree #7, logLikelihood: -81013.755023
[00:06:29] [worker #3] Bootstrap tree #9, logLikelihood: -80674.693440
[00:06:41] [worker #0] Bootstrap tree #6, logLikelihood: -81090.692242
[00:06:45] [worker #2] Bootstrap tree #13, logLikelihood: -80915.423238
[00:06:54] [worker #4] Bootstrap tree #15, logLikelihood: -81217.551553
[00:07:15] [worker #1] Bootstrap tree #12, logLikelihood: -81330.821955
[00:07:37] [worker #0] Bootstrap tree #11, logLikelihood: -81457.177266
[00:07:38] [worker #4] Bootstrap tree #20, logLikelihood: -81350.604491
[00:07:44] [worker #2] Bootstrap tree #18, logLikelihood: -80982.709707
[00:07:53] [worker #3] Bootstrap tree #14, logLikelihood: -80907.233372
[00:08:11] [worker #1] Bootstrap tree #17, logLikelihood: -81118.820885
[00:08:16] [worker #4] Bootstrap tree #25, logLikelihood: -80340.264375
[00:08:28] [worker #2] Bootstrap tree #23, logLikelihood: -81080.480190
[00:08:51] [worker #1] Bootstrap tree #22, logLikelihood: -80858.025995
[00:08:58] [worker #3] Bootstrap tree #19, logLikelihood: -81213.261478
[00:09:00] [worker #4] Bootstrap tree #30, logLikelihood: -80460.524400
[00:09:07] [worker #0] Bootstrap tree #16, logLikelihood: -81109.296721
[00:09:34] [worker #2] Bootstrap tree #28, logLikelihood: -81044.771252
[00:09:35] [worker #1] Bootstrap tree #27, logLikelihood: -81129.117219
[00:09:46] [worker #3] Bootstrap tree #24, logLikelihood: -81031.773700
[00:09:54] [worker #4] Bootstrap tree #35, logLikelihood: -80610.105493
[00:10:09] [worker #0] Bootstrap tree #21, logLikelihood: -80552.001992
[00:10:25] [worker #1] Bootstrap tree #32, logLikelihood: -81414.996612
[00:10:29] [worker #4] Bootstrap tree #40, logLikelihood: -80381.303377
[00:10:34] [worker #2] Bootstrap tree #33, logLikelihood: -80557.454137
[00:10:40] [worker #3] Bootstrap tree #29, logLikelihood: -81034.721766
[00:10:52] [worker #0] Bootstrap tree #26, logLikelihood: -81636.217738
[00:11:15] [worker #2] Bootstrap tree #38, logLikelihood: -80755.433734
[00:11:18] [worker #1] Bootstrap tree #37, logLikelihood: -81151.921867
[00:11:28] [worker #4] Bootstrap tree #45, logLikelihood: -80135.488855
[00:11:30] [worker #3] Bootstrap tree #34, logLikelihood: -80833.347753
[00:11:45] [worker #0] Bootstrap tree #31, logLikelihood: -81079.753540
[00:11:58] [worker #1] Bootstrap tree #42, logLikelihood: -81429.816068
[00:12:04] [worker #4] Bootstrap tree #50, logLikelihood: -81586.838039
[00:12:19] [worker #2] Bootstrap tree #43, logLikelihood: -80937.962445
[00:12:25] [worker #0] Bootstrap tree #36, logLikelihood: -81597.117320
[00:13:01] [worker #3] Bootstrap tree #39, logLikelihood: -80762.540862
[00:13:07] [worker #2] Bootstrap tree #48, logLikelihood: -81377.134021
[00:13:08] [worker #0] Bootstrap tree #41, logLikelihood: -81209.196705
[00:13:09] [worker #1] Bootstrap tree #47, logLikelihood: -81651.758790
[00:13:52] [worker #0] Bootstrap tree #46, logLikelihood: -81051.162445
[00:13:55] [worker #3] Bootstrap tree #44, logLikelihood: -81146.957142
[00:14:39] [worker #3] Bootstrap tree #49, logLikelihood: -80626.576266
[00:15:20] [worker #2] Bootstrap tree #53, logLikelihood: -81114.811048
[00:15:38] [worker #1] Bootstrap tree #52, logLikelihood: -80425.783894
[00:15:45] [worker #0] Bootstrap tree #51, logLikelihood: -80999.474051
[00:15:46] [worker #3] Bootstrap tree #54, logLikelihood: -81318.968013
[00:15:51] [worker #4] Bootstrap tree #55, logLikelihood: -80248.046632
[00:16:02] [worker #2] Bootstrap tree #58, logLikelihood: -80899.835367
[00:16:22] [worker #1] Bootstrap tree #57, logLikelihood: -81414.770659
[00:16:26] [worker #3] Bootstrap tree #59, logLikelihood: -80902.280414
[00:16:49] [worker #4] Bootstrap tree #60, logLikelihood: -81270.131543
[00:16:49] [worker #0] Bootstrap tree #56, logLikelihood: -80945.917374
[00:16:52] [worker #2] Bootstrap tree #63, logLikelihood: -81164.076470
[00:17:14] [worker #3] Bootstrap tree #64, logLikelihood: -81104.380750
[00:17:17] [worker #1] Bootstrap tree #62, logLikelihood: -81070.328223
[00:17:35] [worker #0] Bootstrap tree #61, logLikelihood: -81236.008945
[00:17:45] [worker #2] Bootstrap tree #68, logLikelihood: -80898.759174
[00:17:50] [worker #3] Bootstrap tree #69, logLikelihood: -81229.839139
[00:17:52] [worker #4] Bootstrap tree #65, logLikelihood: -80978.328350
[00:18:17] [worker #0] Bootstrap tree #66, logLikelihood: -80712.903906
[00:18:17] [worker #1] Bootstrap tree #67, logLikelihood: -81488.481477
[00:18:21] [worker #2] Bootstrap tree #73, logLikelihood: -81769.130375
[00:18:45] [worker #3] Bootstrap tree #74, logLikelihood: -80690.281802
[00:18:57] [worker #1] Bootstrap tree #72, logLikelihood: -81087.260407
[00:18:57] [worker #4] Bootstrap tree #70, logLikelihood: -80871.866831
[00:18:57] [worker #0] Bootstrap tree #71, logLikelihood: -81471.390837
[00:19:15] [worker #2] Bootstrap tree #78, logLikelihood: -80552.753674
[00:19:31] [worker #1] Bootstrap tree #77, logLikelihood: -81575.492639
[00:19:52] [worker #3] Bootstrap tree #79, logLikelihood: -81550.895998
[00:19:56] [worker #0] Bootstrap tree #76, logLikelihood: -80614.354500
[00:19:58] [worker #2] Bootstrap tree #83, logLikelihood: -80507.166786
[00:20:14] [worker #4] Bootstrap tree #75, logLikelihood: -80781.856358
[00:20:20] [worker #1] Bootstrap tree #82, logLikelihood: -80945.282744
[00:20:29] [worker #3] Bootstrap tree #84, logLikelihood: -80872.692723
[00:20:33] [worker #0] Bootstrap tree #81, logLikelihood: -80919.135802
[00:21:01] [worker #2] Bootstrap tree #88, logLikelihood: -81348.832944
[00:21:10] [worker #0] Bootstrap tree #86, logLikelihood: -81062.232367
[00:21:14] [worker #4] Bootstrap tree #80, logLikelihood: -80892.627883
[00:21:34] [worker #3] Bootstrap tree #89, logLikelihood: -80635.340811
[00:21:36] [worker #2] Bootstrap tree #93, logLikelihood: -81497.086913
[00:22:01] [worker #0] Bootstrap tree #91, logLikelihood: -80754.215741
[00:22:24] [worker #1] Bootstrap tree #87, logLikelihood: -81135.462127
[00:22:24] [worker #3] Bootstrap tree #94, logLikelihood: -80769.918935
[00:22:31] [worker #2] Bootstrap tree #98, logLikelihood: -81451.838214
[00:22:44] [worker #4] Bootstrap tree #85, logLikelihood: -81004.194143
[00:22:54] [worker #1] Bootstrap tree #92, logLikelihood: -81131.591730
[00:22:56] [worker #0] Bootstrap tree #96, logLikelihood: -81506.907724
[00:23:00] [worker #3] Bootstrap tree #99, logLikelihood: -80774.987994
[00:23:34] [worker #1] Bootstrap tree #97, logLikelihood: -81380.898500
[00:23:36] [worker #4] Bootstrap tree #90, logLikelihood: -80467.021784
[00:24:24] [worker #4] Bootstrap tree #95, logLikelihood: -81254.321455
[00:25:02] [worker #4] Bootstrap tree #100, logLikelihood: -81107.077625
[00:25:36] [worker #4] Bootstrap tree #105, logLikelihood: -81077.698164
[00:25:40] [worker #0] Bootstrap tree #101, logLikelihood: -80291.023400
[00:25:44] [worker #1] Bootstrap tree #102, logLikelihood: -81282.945322
[00:26:02] [worker #3] Bootstrap tree #104, logLikelihood: -81520.488733
[00:26:15] [worker #2] Bootstrap tree #103, logLikelihood: -81406.791840
[00:26:29] [worker #1] Bootstrap tree #107, logLikelihood: -81073.686983
[00:26:36] [worker #4] Bootstrap tree #110, logLikelihood: -81195.756642
[00:26:36] [worker #0] Bootstrap tree #106, logLikelihood: -80846.546138
[00:27:02] [worker #4] Bootstrap tree #115, logLikelihood: -80533.329065
[00:27:06] [worker #0] Bootstrap tree #111, logLikelihood: -80761.357288
[00:27:07] [worker #3] Bootstrap tree #109, logLikelihood: -81631.250594
[00:27:14] [worker #2] Bootstrap tree #108, logLikelihood: -81106.895604
[00:27:19] [worker #1] Bootstrap tree #112, logLikelihood: -80611.621580
[00:27:39] [worker #4] Bootstrap tree #120, logLikelihood: -81008.842750
[00:27:51] [worker #0] Bootstrap tree #116, logLikelihood: -81262.043479
[00:28:08] [worker #2] Bootstrap tree #113, logLikelihood: -80431.831647
[00:28:29] [worker #4] Bootstrap tree #125, logLikelihood: -80638.308232
[00:28:29] [worker #0] Bootstrap tree #121, logLikelihood: -80966.821784
[00:28:29] [worker #1] Bootstrap tree #117, logLikelihood: -81501.475365
[00:28:31] [worker #3] Bootstrap tree #114, logLikelihood: -81327.764444
[00:29:10] [worker #0] Bootstrap tree #126, logLikelihood: -81327.560811
[00:29:24] [worker #3] Bootstrap tree #119, logLikelihood: -81336.801091
[00:29:32] [worker #2] Bootstrap tree #118, logLikelihood: -81134.176079
[00:29:40] [worker #4] Bootstrap tree #130, logLikelihood: -81139.013570
[00:29:56] [worker #1] Bootstrap tree #122, logLikelihood: -81004.368958
[00:30:05] [worker #0] Bootstrap tree #131, logLikelihood: -81198.715462
[00:30:14] [worker #3] Bootstrap tree #124, logLikelihood: -81729.007807
[00:30:36] [worker #1] Bootstrap tree #127, logLikelihood: -80978.172230
[00:30:38] [worker #4] Bootstrap tree #135, logLikelihood: -81212.388446
[00:30:41] [worker #2] Bootstrap tree #123, logLikelihood: -81207.182906
[00:31:08] [worker #3] Bootstrap tree #129, logLikelihood: -81527.628702
[00:31:13] [worker #0] Bootstrap tree #136, logLikelihood: -80917.650731
[00:31:21] [worker #4] Bootstrap tree #140, logLikelihood: -80814.533232
[00:31:26] [worker #1] Bootstrap tree #132, logLikelihood: -81204.792023
[00:31:45] [worker #2] Bootstrap tree #128, logLikelihood: -81072.582406
[00:31:51] [worker #4] Bootstrap tree #145, logLikelihood: -81047.513285
[00:32:03] [worker #0] Bootstrap tree #141, logLikelihood: -81433.686531
[00:32:05] [worker #3] Bootstrap tree #134, logLikelihood: -80900.064282
[00:32:40] [worker #1] Bootstrap tree #137, logLikelihood: -81133.023709
[00:32:41] [worker #0] Bootstrap tree #146, logLikelihood: -81294.304456
[00:32:47] [worker #2] Bootstrap tree #133, logLikelihood: -80904.352420
[00:32:50] [worker #4] Bootstrap tree #150, logLikelihood: -80510.224364
[00:33:18] [worker #3] Bootstrap tree #139, logLikelihood: -81017.123298
[00:33:23] [worker #1] Bootstrap tree #142, logLikelihood: -80992.227642
[00:33:27] [worker #2] Bootstrap tree #138, logLikelihood: -81418.905219
[00:33:45] [worker #3] Bootstrap tree #144, logLikelihood: -81584.450761
[00:34:10] [worker #2] Bootstrap tree #143, logLikelihood: -81281.372753
[00:34:14] [worker #3] Bootstrap tree #149, logLikelihood: -80459.143828
[00:34:25] [worker #1] Bootstrap tree #147, logLikelihood: -81265.541257
[00:35:08] [worker #2] Bootstrap tree #148, logLikelihood: -80784.983585
[00:35:50] [worker #0] Bootstrap tree #151, logLikelihood: -81379.498747
[00:35:55] [worker #2] Bootstrap tree #153, logLikelihood: -81410.967651
[00:35:57] [worker #3] Bootstrap tree #154, logLikelihood: -80767.061278
[00:36:02] [worker #1] Bootstrap tree #152, logLikelihood: -80912.224631
[00:36:08] [worker #4] Bootstrap tree #155, logLikelihood: -81494.073570
[00:36:36] [worker #2] Bootstrap tree #158, logLikelihood: -80628.783233
[00:36:40] [worker #0] Bootstrap tree #156, logLikelihood: -81058.767939
[00:36:40] [worker #3] Bootstrap tree #159, logLikelihood: -81129.256446
[00:37:07] [worker #4] Bootstrap tree #160, logLikelihood: -80921.181136
[00:37:11] [worker #1] Bootstrap tree #157, logLikelihood: -80998.205298
[00:37:26] [worker #2] Bootstrap tree #163, logLikelihood: -80751.012142
[00:37:38] [worker #0] Bootstrap tree #161, logLikelihood: -81343.080111
[00:37:38] [worker #3] Bootstrap tree #164, logLikelihood: -81088.976457
[00:37:48] [worker #4] Bootstrap tree #165, logLikelihood: -81049.165900
[00:38:13] [worker #1] Bootstrap tree #162, logLikelihood: -81399.650962
[00:38:36] [worker #4] Bootstrap tree #170, logLikelihood: -80830.292208
[00:38:37] [worker #2] Bootstrap tree #168, logLikelihood: -81022.990831
[00:38:43] [worker #0] Bootstrap tree #166, logLikelihood: -81269.222224
[00:38:43] [worker #3] Bootstrap tree #169, logLikelihood: -81422.311499
[00:39:18] [worker #1] Bootstrap tree #167, logLikelihood: -80669.163081
[00:39:33] [worker #3] Bootstrap tree #174, logLikelihood: -81174.004462
[00:39:33] [worker #2] Bootstrap tree #173, logLikelihood: -80269.929644
[00:39:57] [worker #4] Bootstrap tree #175, logLikelihood: -81164.242611
[00:40:05] [worker #1] Bootstrap tree #172, logLikelihood: -81346.147408
[00:40:08] [worker #2] Bootstrap tree #178, logLikelihood: -81334.685874
[00:40:17] [worker #0] Bootstrap tree #171, logLikelihood: -81576.802509
[00:40:21] [worker #3] Bootstrap tree #179, logLikelihood: -80795.859785
[00:40:50] [worker #4] Bootstrap tree #180, logLikelihood: -80310.185118
[00:41:00] [worker #2] Bootstrap tree #183, logLikelihood: -81360.555223
[00:41:00] [worker #3] Bootstrap tree #184, logLikelihood: -81338.830832
[00:41:13] [worker #0] Bootstrap tree #176, logLikelihood: -80726.418733
[00:41:15] [worker #1] Bootstrap tree #177, logLikelihood: -80873.721390
[00:41:37] [worker #4] Bootstrap tree #185, logLikelihood: -81310.201831
[00:41:52] [worker #3] Bootstrap tree #189, logLikelihood: -81173.972611
[00:41:54] [worker #0] Bootstrap tree #181, logLikelihood: -81132.514213
[00:42:08] [worker #2] Bootstrap tree #188, logLikelihood: -80902.360563
[00:42:10] [worker #1] Bootstrap tree #182, logLikelihood: -81183.909182
[00:42:53] [worker #0] Bootstrap tree #186, logLikelihood: -81125.391130
[00:43:03] [worker #4] Bootstrap tree #190, logLikelihood: -80775.751259
[00:43:03] [worker #2] Bootstrap tree #193, logLikelihood: -81191.492752
[00:43:09] [worker #3] Bootstrap tree #194, logLikelihood: -81128.801370
[00:43:29] [worker #1] Bootstrap tree #187, logLikelihood: -80832.632138
[00:43:48] [worker #3] Bootstrap tree #199, logLikelihood: -81038.706179
[00:43:56] [worker #4] Bootstrap tree #195, logLikelihood: -81095.413030
[00:44:03] [worker #0] Bootstrap tree #191, logLikelihood: -80839.267117
[00:44:05] [worker #2] Bootstrap tree #198, logLikelihood: -80080.518315
[00:44:08] [worker #1] Bootstrap tree #192, logLikelihood: -81036.408546
[00:44:26] [worker #4] Bootstrap tree #200, logLikelihood: -81387.172545
[00:44:37] [worker #1] Bootstrap tree #197, logLikelihood: -80813.613081
[00:44:43] [worker #0] Bootstrap tree #196, logLikelihood: -81043.680949
[00:45:20] [worker #2] Bootstrap tree #203, logLikelihood: -80719.874135
[00:45:22] [worker #0] Bootstrap tree #201, logLikelihood: -80697.546692
[00:45:33] [worker #3] Bootstrap tree #204, logLikelihood: -80823.937706
[00:45:36] [worker #1] Bootstrap tree #202, logLikelihood: -81256.208256
[00:45:40] [worker #4] Bootstrap tree #205, logLikelihood: -80893.970964
[00:46:17] [worker #2] Bootstrap tree #208, logLikelihood: -81306.900968
[00:46:22] [worker #0] Bootstrap tree #206, logLikelihood: -81078.377003
[00:46:27] [worker #1] Bootstrap tree #207, logLikelihood: -81382.935596
[00:46:38] [worker #3] Bootstrap tree #209, logLikelihood: -81406.125931
[00:46:54] [worker #4] Bootstrap tree #210, logLikelihood: -81462.211404
[00:47:11] [worker #0] Bootstrap tree #211, logLikelihood: -81173.660805
[00:47:15] [worker #2] Bootstrap tree #213, logLikelihood: -80863.080716
[00:47:33] [worker #1] Bootstrap tree #212, logLikelihood: -81144.139286
[00:47:58] [worker #3] Bootstrap tree #214, logLikelihood: -80555.599655
[00:48:04] [worker #0] Bootstrap tree #216, logLikelihood: -80514.424413
[00:48:11] [worker #4] Bootstrap tree #215, logLikelihood: -81651.676179
[00:48:29] [worker #2] Bootstrap tree #218, logLikelihood: -80934.087359
[00:48:36] [worker #3] Bootstrap tree #219, logLikelihood: -80936.571398
[00:48:43] [worker #1] Bootstrap tree #217, logLikelihood: -80839.929684
[00:48:50] [worker #0] Bootstrap tree #221, logLikelihood: -81051.074579
[00:49:06] [worker #2] Bootstrap tree #223, logLikelihood: -80673.689566
[00:49:19] [worker #4] Bootstrap tree #220, logLikelihood: -81191.707660
[00:49:25] [worker #3] Bootstrap tree #224, logLikelihood: -80685.101526
[00:49:41] [worker #1] Bootstrap tree #222, logLikelihood: -80902.954211
[00:49:55] [worker #0] Bootstrap tree #226, logLikelihood: -81075.568916
[00:50:13] [worker #3] Bootstrap tree #229, logLikelihood: -80957.319945
[00:50:14] [worker #2] Bootstrap tree #228, logLikelihood: -80625.250993
[00:50:23] [worker #4] Bootstrap tree #225, logLikelihood: -81097.105976
[00:50:49] [worker #1] Bootstrap tree #227, logLikelihood: -81812.846566
[00:51:03] [worker #2] Bootstrap tree #233, logLikelihood: -81260.870242
[00:51:06] [worker #4] Bootstrap tree #230, logLikelihood: -80958.276737
[00:51:08] [worker #0] Bootstrap tree #231, logLikelihood: -81198.123635
[00:51:13] [worker #3] Bootstrap tree #234, logLikelihood: -81042.840232
[00:51:39] [worker #4] Bootstrap tree #235, logLikelihood: -81097.819935
[00:51:43] [worker #2] Bootstrap tree #238, logLikelihood: -80981.307108
[00:51:49] [worker #3] Bootstrap tree #239, logLikelihood: -81000.423841
[00:51:57] [worker #1] Bootstrap tree #232, logLikelihood: -80620.407423
[00:52:05] [worker #0] Bootstrap tree #236, logLikelihood: -81047.767403
[00:52:17] [worker #4] Bootstrap tree #240, logLikelihood: -81225.935446
[00:52:43] [worker #0] Bootstrap tree #241, logLikelihood: -81075.462902
[00:52:45] [worker #2] Bootstrap tree #243, logLikelihood: -80929.774660
[00:52:51] [worker #3] Bootstrap tree #244, logLikelihood: -80935.534860
[00:53:03] [worker #1] Bootstrap tree #237, logLikelihood: -81090.213967
[00:53:23] [worker #0] Bootstrap tree #246, logLikelihood: -80940.444714
[00:53:27] [worker #4] Bootstrap tree #245, logLikelihood: -80679.851482
[00:53:37] [worker #1] Bootstrap tree #242, logLikelihood: -81347.921244
[00:53:40] [worker #3] Bootstrap tree #249, logLikelihood: -81381.691473
[00:53:44] [worker #2] Bootstrap tree #248, logLikelihood: -81137.222658
[00:53:58] [worker #1] Bootstrap tree #247, logLikelihood: -80948.012528
[00:54:07] [worker #4] Bootstrap tree #250, logLikelihood: -81379.911817
[00:54:36] [worker #2] Bootstrap tree #253, logLikelihood: -80501.022763
[00:54:50] [worker #3] Bootstrap tree #254, logLikelihood: -81149.770949
[00:54:59] [worker #0] Bootstrap tree #251, logLikelihood: -81149.338212
[00:55:11] [worker #1] Bootstrap tree #252, logLikelihood: -80954.652658
[00:55:14] [worker #4] Bootstrap tree #255, logLikelihood: -80522.863169
[00:55:31] [worker #3] Bootstrap tree #259, logLikelihood: -80973.112519
[00:55:33] [worker #2] Bootstrap tree #258, logLikelihood: -80813.514786
[00:55:46] [worker #0] Bootstrap tree #256, logLikelihood: -81164.061251
[00:55:54] [worker #1] Bootstrap tree #257, logLikelihood: -81134.968208
[00:56:04] [worker #4] Bootstrap tree #260, logLikelihood: -81207.129274
[00:56:08] [worker #2] Bootstrap tree #263, logLikelihood: -80985.791877
[00:56:42] [worker #3] Bootstrap tree #264, logLikelihood: -81272.713530
[00:56:44] [worker #1] Bootstrap tree #262, logLikelihood: -80524.730596
[00:56:51] [worker #4] Bootstrap tree #265, logLikelihood: -81315.713015
[00:56:55] [worker #2] Bootstrap tree #268, logLikelihood: -81108.068661
[00:56:56] [worker #0] Bootstrap tree #261, logLikelihood: -81032.778323
[00:57:28] [worker #3] Bootstrap tree #269, logLikelihood: -80640.025231
[00:57:32] [worker #4] Bootstrap tree #270, logLikelihood: -81071.606701
[00:57:32] [worker #1] Bootstrap tree #267, logLikelihood: -81220.925758
[00:57:42] [worker #0] Bootstrap tree #266, logLikelihood: -80701.514151
[00:57:54] [worker #3] Bootstrap tree #274, logLikelihood: -81033.724691
[00:58:04] [worker #2] Bootstrap tree #273, logLikelihood: -80613.174920
[00:58:18] [worker #0] Bootstrap tree #271, logLikelihood: -81247.043521
[00:58:25] [worker #4] Bootstrap tree #275, logLikelihood: -81038.146691
[00:58:46] [worker #2] Bootstrap tree #278, logLikelihood: -80923.607493
[00:58:48] [worker #1] Bootstrap tree #272, logLikelihood: -80084.244241
[00:58:49] [worker #3] Bootstrap tree #279, logLikelihood: -81234.126135
[00:59:15] [worker #0] Bootstrap tree #276, logLikelihood: -81093.164252
[00:59:24] [worker #2] Bootstrap tree #283, logLikelihood: -80231.397872
[00:59:33] [worker #3] Bootstrap tree #284, logLikelihood: -81135.829970
[00:59:41] [worker #4] Bootstrap tree #280, logLikelihood: -80895.014441
[00:59:46] [worker #1] Bootstrap tree #277, logLikelihood: -81231.345874
[00:59:55] [worker #0] Bootstrap tree #281, logLikelihood: -80870.748974
[01:00:13] [worker #2] Bootstrap tree #288, logLikelihood: -81051.746358
[01:00:23] [worker #4] Bootstrap tree #285, logLikelihood: -81683.858349
[01:00:25] [worker #3] Bootstrap tree #289, logLikelihood: -80882.250335
[01:00:51] [worker #0] Bootstrap tree #286, logLikelihood: -81240.247753
[01:00:58] [worker #1] Bootstrap tree #282, logLikelihood: -80759.541339
[01:01:21] [worker #4] Bootstrap tree #290, logLikelihood: -81152.219107
[01:01:21] [worker #3] Bootstrap tree #294, logLikelihood: -80279.614025
[01:01:25] [worker #2] Bootstrap tree #293, logLikelihood: -81503.415222
[01:01:35] [worker #0] Bootstrap tree #291, logLikelihood: -81580.022109
[01:01:51] [worker #1] Bootstrap tree #287, logLikelihood: -80974.231628
[01:02:03] [worker #2] Bootstrap tree #298, logLikelihood: -80821.646865
[01:02:10] [worker #3] Bootstrap tree #299, logLikelihood: -81171.753512
[01:02:18] [worker #4] Bootstrap tree #295, logLikelihood: -81016.997068
[01:02:19] [worker #0] Bootstrap tree #296, logLikelihood: -80635.918174
[01:02:20] [worker #1] Bootstrap tree #292, logLikelihood: -81226.192814
[01:03:05] [worker #1] Bootstrap tree #297, logLikelihood: -81266.129563
[01:03:11] [worker #4] Bootstrap tree #300, logLikelihood: -81115.940057
[01:03:50] [worker #2] Bootstrap tree #303, logLikelihood: -81307.245294
[01:03:56] [worker #0] Bootstrap tree #301, logLikelihood: -81373.870004
[01:04:05] [worker #1] Bootstrap tree #302, logLikelihood: -81508.450769
[01:04:10] [worker #4] Bootstrap tree #305, logLikelihood: -81233.645090
[01:04:22] [worker #0] Bootstrap tree #306, logLikelihood: -80873.066315
[01:04:27] [worker #3] Bootstrap tree #304, logLikelihood: -81152.893736
[01:04:37] [worker #2] Bootstrap tree #308, logLikelihood: -81257.693722
[01:04:43] [worker #1] Bootstrap tree #307, logLikelihood: -81502.000820
[01:04:50] [worker #0] Bootstrap tree #311, logLikelihood: -81294.122252
[01:04:56] [worker #3] Bootstrap tree #309, logLikelihood: -80313.720444
[01:05:02] [worker #4] Bootstrap tree #310, logLikelihood: -80685.259022
[01:05:27] [worker #2] Bootstrap tree #313, logLikelihood: -80922.939140
[01:05:32] [worker #1] Bootstrap tree #312, logLikelihood: -81439.060471
[01:05:34] [worker #0] Bootstrap tree #316, logLikelihood: -80871.177216
[01:05:57] [worker #4] Bootstrap tree #315, logLikelihood: -81389.717274
[01:06:22] [worker #3] Bootstrap tree #314, logLikelihood: -81167.458890
[01:06:23] [worker #2] Bootstrap tree #318, logLikelihood: -80801.680857
[01:06:26] [worker #0] Bootstrap tree #321, logLikelihood: -81061.863997
[01:06:40] [worker #4] Bootstrap tree #320, logLikelihood: -81522.289799
[01:06:50] [worker #1] Bootstrap tree #317, logLikelihood: -81154.830390
[01:07:09] [worker #4] Bootstrap tree #325, logLikelihood: -81107.274165
[01:07:15] [worker #0] Bootstrap tree #326, logLikelihood: -81372.703587
[01:07:22] [worker #3] Bootstrap tree #319, logLikelihood: -81256.181273
[01:07:28] [worker #2] Bootstrap tree #323, logLikelihood: -80319.532426
[01:07:35] [worker #1] Bootstrap tree #322, logLikelihood: -80918.365371
[01:07:51] [worker #0] Bootstrap tree #331, logLikelihood: -81293.431128
[01:07:57] [worker #3] Bootstrap tree #324, logLikelihood: -81123.314544
[01:08:21] [worker #3] Bootstrap tree #329, logLikelihood: -81174.505969
[01:08:27] [worker #4] Bootstrap tree #330, logLikelihood: -81030.018746
[01:08:35] [worker #0] Bootstrap tree #336, logLikelihood: -81094.543981
[01:08:41] [worker #2] Bootstrap tree #328, logLikelihood: -81682.113158
[01:08:44] [worker #1] Bootstrap tree #327, logLikelihood: -80688.687511
[01:08:58] [worker #3] Bootstrap tree #334, logLikelihood: -80885.033760
[01:09:09] [worker #4] Bootstrap tree #335, logLikelihood: -80795.268162
[01:09:23] [worker #0] Bootstrap tree #341, logLikelihood: -81048.846806
[01:09:25] [worker #2] Bootstrap tree #333, logLikelihood: -81143.444187
[01:09:33] [worker #3] Bootstrap tree #339, logLikelihood: -81529.020290
[01:09:51] [worker #1] Bootstrap tree #332, logLikelihood: -81326.797765
[01:10:00] [worker #2] Bootstrap tree #338, logLikelihood: -80950.039768
[01:10:10] [worker #4] Bootstrap tree #340, logLikelihood: -80826.211903
[01:10:15] [worker #0] Bootstrap tree #346, logLikelihood: -81107.712214
[01:10:23] [worker #3] Bootstrap tree #344, logLikelihood: -81396.795716
[01:10:47] [worker #1] Bootstrap tree #337, logLikelihood: -81101.726938
[01:10:54] [worker #4] Bootstrap tree #345, logLikelihood: -81574.460275
[01:11:02] [worker #2] Bootstrap tree #343, logLikelihood: -81154.072394
[01:11:12] [worker #3] Bootstrap tree #349, logLikelihood: -80943.413402
[01:11:34] [worker #4] Bootstrap tree #350, logLikelihood: -80913.388114
[01:11:54] [worker #1] Bootstrap tree #342, logLikelihood: -81107.149886
[01:12:01] [worker #2] Bootstrap tree #348, logLikelihood: -80904.014304
[01:12:29] [worker #1] Bootstrap tree #347, logLikelihood: -81004.324026
[01:12:56] [worker #1] Bootstrap tree #352, logLikelihood: -81308.900937
[01:13:16] [worker #0] Bootstrap tree #351, logLikelihood: -81282.265219
[01:13:19] [worker #2] Bootstrap tree #353, logLikelihood: -80455.818903
[01:13:36] [worker #4] Bootstrap tree #355, logLikelihood: -80370.083234
[01:13:38] [worker #3] Bootstrap tree #354, logLikelihood: -81052.491789
[01:13:45] [worker #1] Bootstrap tree #357, logLikelihood: -81522.935072
[01:13:57] [worker #0] Bootstrap tree #356, logLikelihood: -80904.517717
[01:14:09] [worker #3] Bootstrap tree #359, logLikelihood: -81623.608335
[01:14:28] [worker #4] Bootstrap tree #360, logLikelihood: -80665.807577
[01:14:30] [worker #2] Bootstrap tree #358, logLikelihood: -81360.740312
[01:14:38] [worker #0] Bootstrap tree #361, logLikelihood: -80949.146711
[01:14:53] [worker #1] Bootstrap tree #362, logLikelihood: -80981.677847
[01:15:00] [worker #3] Bootstrap tree #364, logLikelihood: -80575.053807
[01:15:06] [worker #2] Bootstrap tree #363, logLikelihood: -81243.110477
[01:15:16] [worker #0] Bootstrap tree #366, logLikelihood: -81014.633366
[01:15:29] [worker #3] Bootstrap tree #369, logLikelihood: -81330.203062
[01:15:32] [worker #4] Bootstrap tree #365, logLikelihood: -80734.003068
[01:15:53] [worker #1] Bootstrap tree #367, logLikelihood: -81326.196508
[01:15:58] [worker #2] Bootstrap tree #368, logLikelihood: -80982.219399
[01:16:13] [worker #4] Bootstrap tree #370, logLikelihood: -81398.495431
[01:16:15] [worker #3] Bootstrap tree #374, logLikelihood: -80661.477049
[01:16:19] [worker #0] Bootstrap tree #371, logLikelihood: -81253.941538
[01:16:37] [worker #2] Bootstrap tree #373, logLikelihood: -80979.904910
[01:16:40] [worker #1] Bootstrap tree #372, logLikelihood: -80445.450035
[01:17:01] [worker #4] Bootstrap tree #375, logLikelihood: -81157.933377
[01:17:02] [worker #0] Bootstrap tree #376, logLikelihood: -81270.845675
[01:17:14] [worker #2] Bootstrap tree #378, logLikelihood: -81167.907735
[01:17:15] [worker #3] Bootstrap tree #379, logLikelihood: -80523.761396
[01:17:17] [worker #1] Bootstrap tree #377, logLikelihood: -81301.058006
[01:17:44] [worker #4] Bootstrap tree #380, logLikelihood: -81121.648067
[01:18:06] [worker #2] Bootstrap tree #383, logLikelihood: -81458.085380
[01:18:23] [worker #0] Bootstrap tree #381, logLikelihood: -81007.212305
[01:18:23] [worker #1] Bootstrap tree #382, logLikelihood: -81395.806307
[01:18:24] [worker #3] Bootstrap tree #384, logLikelihood: -81627.978226
[01:18:28] [worker #4] Bootstrap tree #385, logLikelihood: -81046.224815
[01:18:47] [worker #2] Bootstrap tree #388, logLikelihood: -80791.358711
[01:19:13] [worker #0] Bootstrap tree #386, logLikelihood: -80820.841847
[01:19:14] [worker #1] Bootstrap tree #387, logLikelihood: -80771.828702
[01:19:31] [worker #3] Bootstrap tree #389, logLikelihood: -80466.387773
[01:19:32] [worker #4] Bootstrap tree #390, logLikelihood: -80942.619767
[01:19:41] [worker #2] Bootstrap tree #393, logLikelihood: -80443.345572
[01:19:57] [worker #0] Bootstrap tree #391, logLikelihood: -80940.392138
[01:20:15] [worker #1] Bootstrap tree #392, logLikelihood: -80657.356175
[01:20:18] [worker #3] Bootstrap tree #394, logLikelihood: -80877.393862
[01:20:24] [worker #0] Bootstrap tree #396, logLikelihood: -81287.638611
[01:20:43] [worker #1] Bootstrap tree #397, logLikelihood: -81420.312217
[01:20:44] [worker #2] Bootstrap tree #398, logLikelihood: -81512.033311
[01:20:50] [worker #4] Bootstrap tree #395, logLikelihood: -81140.996635
[01:21:04] [worker #3] Bootstrap tree #399, logLikelihood: -81073.527419
[01:21:21] [worker #4] Bootstrap tree #400, logLikelihood: -81117.161971
[01:21:58] [worker #4] Bootstrap tree #405, logLikelihood: -81483.627275
[01:22:21] [worker #3] Bootstrap tree #404, logLikelihood: -81745.844361
[01:22:25] [worker #0] Bootstrap tree #401, logLikelihood: -80924.232595
[01:22:27] [worker #2] Bootstrap tree #403, logLikelihood: -80931.489642
[01:22:36] [worker #1] Bootstrap tree #402, logLikelihood: -80674.950736
[01:22:53] [worker #4] Bootstrap tree #410, logLikelihood: -81587.150700
[01:23:18] [worker #2] Bootstrap tree #408, logLikelihood: -81229.313068
[01:23:22] [worker #3] Bootstrap tree #409, logLikelihood: -81120.681211
[01:23:23] [worker #0] Bootstrap tree #406, logLikelihood: -80328.877381
[01:23:43] [worker #1] Bootstrap tree #407, logLikelihood: -81580.928389
[01:23:52] [worker #4] Bootstrap tree #415, logLikelihood: -80920.863981
[01:24:08] [worker #3] Bootstrap tree #414, logLikelihood: -81458.964001
[01:24:08] [worker #2] Bootstrap tree #413, logLikelihood: -81009.329875
[01:24:10] [worker #0] Bootstrap tree #411, logLikelihood: -80906.444527
[01:24:20] [worker #1] Bootstrap tree #412, logLikelihood: -80835.437974
[01:24:21] [worker #4] Bootstrap tree #420, logLikelihood: -80606.662728
[01:24:38] [worker #2] Bootstrap tree #418, logLikelihood: -81171.031042
[01:24:38] [worker #0] Bootstrap tree #416, logLikelihood: -81773.545028
[01:24:52] [worker #4] Bootstrap tree #425, logLikelihood: -81133.291519
[01:24:52] [worker #3] Bootstrap tree #419, logLikelihood: -81099.517004
[01:25:11] [worker #1] Bootstrap tree #417, logLikelihood: -80931.841719
[01:25:18] [worker #2] Bootstrap tree #423, logLikelihood: -81058.215328
[01:25:26] [worker #0] Bootstrap tree #421, logLikelihood: -81457.310890
[01:25:46] [worker #4] Bootstrap tree #430, logLikelihood: -80730.586508
[01:26:03] [worker #1] Bootstrap tree #422, logLikelihood: -80617.902255
[01:26:08] [worker #3] Bootstrap tree #424, logLikelihood: -81104.456626
[01:26:27] [worker #0] Bootstrap tree #426, logLikelihood: -81192.414431
[01:26:27] [worker #4] Bootstrap tree #435, logLikelihood: -81292.674602
[01:26:33] [worker #2] Bootstrap tree #428, logLikelihood: -80933.395936
[01:26:57] [worker #3] Bootstrap tree #429, logLikelihood: -81321.667676
[01:27:10] [worker #0] Bootstrap tree #431, logLikelihood: -81451.545503
[01:27:15] [worker #4] Bootstrap tree #440, logLikelihood: -80676.096080
[01:27:22] [worker #1] Bootstrap tree #427, logLikelihood: -80995.987354
[01:27:37] [worker #2] Bootstrap tree #433, logLikelihood: -81016.501700
[01:27:54] [worker #4] Bootstrap tree #445, logLikelihood: -81091.208831
[01:28:07] [worker #0] Bootstrap tree #436, logLikelihood: -80655.901461
[01:28:15] [worker #3] Bootstrap tree #434, logLikelihood: -80523.229541
[01:28:23] [worker #1] Bootstrap tree #432, logLikelihood: -80737.062885
[01:28:33] [worker #2] Bootstrap tree #438, logLikelihood: -80968.506274
[01:28:55] [worker #4] Bootstrap tree #450, logLikelihood: -80805.331839
[01:29:07] [worker #0] Bootstrap tree #441, logLikelihood: -80833.944164
[01:29:08] [worker #1] Bootstrap tree #437, logLikelihood: -81341.311749
[01:29:25] [worker #3] Bootstrap tree #439, logLikelihood: -80954.165647
[01:29:32] [worker #2] Bootstrap tree #443, logLikelihood: -81534.620178
[01:29:59] [worker #0] Bootstrap tree #446, logLikelihood: -81078.697033
[01:30:05] [worker #2] Bootstrap tree #448, logLikelihood: -81353.716271
[01:30:26] [worker #1] Bootstrap tree #442, logLikelihood: -81102.124003
[01:30:27] [worker #3] Bootstrap tree #444, logLikelihood: -81287.692612
[01:31:03] [worker #1] Bootstrap tree #447, logLikelihood: -80888.487186
[01:31:12] [worker #3] Bootstrap tree #449, logLikelihood: -81117.624818
[01:31:48] [worker #1] Bootstrap tree #452, logLikelihood: -81449.608648
[01:31:56] [worker #3] Bootstrap tree #454, logLikelihood: -80880.517024
[01:31:56] [worker #4] Bootstrap tree #455, logLikelihood: -81630.146205
[01:31:59] [worker #0] Bootstrap tree #451, logLikelihood: -81164.450289
[01:32:32] [worker #1] Bootstrap tree #457, logLikelihood: -80842.656881
[01:32:32] [worker #2] Bootstrap tree #453, logLikelihood: -81003.891292
[01:32:36] [worker #4] Bootstrap tree #460, logLikelihood: -81089.288957
[01:32:38] [worker #3] Bootstrap tree #459, logLikelihood: -81071.768954
[01:33:15] [worker #0] Bootstrap tree #456, logLikelihood: -80835.912074
[01:33:21] [worker #2] Bootstrap tree #458, logLikelihood: -80939.022231
[01:33:39] [worker #4] Bootstrap tree #465, logLikelihood: -80858.142949
[01:33:49] [worker #3] Bootstrap tree #464, logLikelihood: -81049.084001
[01:33:51] [worker #1] Bootstrap tree #462, logLikelihood: -80747.054288
[01:33:59] [worker #2] Bootstrap tree #463, logLikelihood: -81253.264007
[01:34:07] [worker #0] Bootstrap tree #461, logLikelihood: -81571.797731
[01:34:38] [worker #0] Bootstrap tree #466, logLikelihood: -81258.361578
[01:34:44] [worker #1] Bootstrap tree #467, logLikelihood: -81798.130420
[01:34:50] [worker #2] Bootstrap tree #468, logLikelihood: -81028.527402
[01:34:53] [worker #4] Bootstrap tree #470, logLikelihood: -81075.977577
[01:34:58] [worker #3] Bootstrap tree #469, logLikelihood: -80908.898166
[01:35:19] [worker #0] Bootstrap tree #471, logLikelihood: -81576.347176
[01:35:36] [worker #1] Bootstrap tree #472, logLikelihood: -81279.347766
[01:35:44] [worker #3] Bootstrap tree #474, logLikelihood: -81523.666375
[01:35:47] [worker #4] Bootstrap tree #475, logLikelihood: -81179.791546
[01:36:06] [worker #2] Bootstrap tree #473, logLikelihood: -81103.988103
[01:36:14] [worker #0] Bootstrap tree #476, logLikelihood: -80795.692223
[01:36:23] [worker #1] Bootstrap tree #477, logLikelihood: -81092.979556
[01:36:35] [worker #3] Bootstrap tree #479, logLikelihood: -80494.919651
[01:36:42] [worker #2] Bootstrap tree #478, logLikelihood: -80803.450255
[01:36:53] [worker #0] Bootstrap tree #481, logLikelihood: -81351.747588
[01:37:02] [worker #1] Bootstrap tree #482, logLikelihood: -81319.906847
[01:37:13] [worker #4] Bootstrap tree #480, logLikelihood: -81249.815529
[01:37:24] [worker #0] Bootstrap tree #486, logLikelihood: -81060.549344
[01:37:28] [worker #2] Bootstrap tree #483, logLikelihood: -80842.673909
[01:37:42] [worker #1] Bootstrap tree #487, logLikelihood: -80675.220959
[01:37:56] [worker #0] Bootstrap tree #491, logLikelihood: -80621.068825
[01:38:14] [worker #4] Bootstrap tree #485, logLikelihood: -80874.413609
[01:38:15] [worker #3] Bootstrap tree #484, logLikelihood: -80593.210835
[01:38:36] [worker #2] Bootstrap tree #488, logLikelihood: -81150.684207
[01:38:37] [worker #0] Bootstrap tree #496, logLikelihood: -80795.792818
[01:38:48] [worker #4] Bootstrap tree #490, logLikelihood: -81626.710858
[01:38:51] [worker #1] Bootstrap tree #492, logLikelihood: -81020.678356
[01:39:06] [worker #3] Bootstrap tree #489, logLikelihood: -80873.771112
[01:39:17] [worker #4] Bootstrap tree #495, logLikelihood: -81059.699457
[01:39:21] [worker #2] Bootstrap tree #493, logLikelihood: -80807.742663
[01:39:55] [worker #3] Bootstrap tree #494, logLikelihood: -81062.773733
[01:39:55] [worker #1] Bootstrap tree #497, logLikelihood: -80658.165564
[01:40:03] [worker #4] Bootstrap tree #500, logLikelihood: -80827.931730
[01:40:30] [worker #3] Bootstrap tree #499, logLikelihood: -80799.562864
[01:40:30] [worker #2] Bootstrap tree #498, logLikelihood: -81050.335969
[01:41:08] [worker #3] Bootstrap tree #504, logLikelihood: -81030.247365
[01:41:13] [worker #0] Bootstrap tree #501, logLikelihood: -81019.800792
[01:41:28] [worker #4] Bootstrap tree #505, logLikelihood: -80976.767332
[01:41:31] [worker #2] Bootstrap tree #503, logLikelihood: -80489.753732
[01:41:37] [worker #0] Bootstrap tree #506, logLikelihood: -81060.250380
[01:41:48] [worker #1] Bootstrap tree #502, logLikelihood: -81348.407455
[01:41:49] [worker #3] Bootstrap tree #509, logLikelihood: -81375.646986
[01:42:25] [worker #0] Bootstrap tree #511, logLikelihood: -81223.554637
[01:42:30] [worker #3] Bootstrap tree #514, logLikelihood: -80721.422591
[01:42:31] [worker #2] Bootstrap tree #508, logLikelihood: -80701.517673
[01:42:35] [worker #4] Bootstrap tree #510, logLikelihood: -81333.502535
[01:42:53] [worker #1] Bootstrap tree #507, logLikelihood: -81291.256133
[01:43:08] [worker #3] Bootstrap tree #519, logLikelihood: -80793.374846
[01:43:11] [worker #0] Bootstrap tree #516, logLikelihood: -81535.756515
[01:43:25] [worker #1] Bootstrap tree #512, logLikelihood: -81031.000066
[01:43:28] [worker #4] Bootstrap tree #515, logLikelihood: -81692.242724
[01:43:44] [worker #2] Bootstrap tree #513, logLikelihood: -80991.725734
[01:44:00] [worker #3] Bootstrap tree #524, logLikelihood: -80276.724124
[01:44:01] [worker #0] Bootstrap tree #521, logLikelihood: -81046.721514
[01:44:21] [worker #4] Bootstrap tree #520, logLikelihood: -81046.636830
[01:44:22] [worker #1] Bootstrap tree #517, logLikelihood: -81141.574124
[01:44:38] [worker #2] Bootstrap tree #518, logLikelihood: -81187.528826
[01:44:55] [worker #0] Bootstrap tree #526, logLikelihood: -80603.489880
[01:45:00] [worker #3] Bootstrap tree #529, logLikelihood: -80951.045084
[01:45:26] [worker #4] Bootstrap tree #525, logLikelihood: -80971.090601
[01:45:27] [worker #2] Bootstrap tree #523, logLikelihood: -80717.970372
[01:45:32] [worker #1] Bootstrap tree #522, logLikelihood: -81452.260861
[01:45:57] [worker #3] Bootstrap tree #534, logLikelihood: -80914.572010
[01:45:59] [worker #0] Bootstrap tree #531, logLikelihood: -81597.640713
[01:46:22] [worker #2] Bootstrap tree #528, logLikelihood: -81165.913127
[01:46:37] [worker #4] Bootstrap tree #530, logLikelihood: -81080.601859
[01:46:37] [worker #3] Bootstrap tree #539, logLikelihood: -81193.325045
[01:46:45] [worker #1] Bootstrap tree #527, logLikelihood: -80970.328909
[01:46:54] [worker #0] Bootstrap tree #536, logLikelihood: -80557.337756
[01:47:16] [worker #2] Bootstrap tree #533, logLikelihood: -81006.534844
[01:47:28] [worker #0] Bootstrap tree #541, logLikelihood: -80498.764609
[01:47:31] [worker #1] Bootstrap tree #532, logLikelihood: -81396.991716
[01:47:42] [worker #3] Bootstrap tree #544, logLikelihood: -80450.429683
[01:47:44] [worker #4] Bootstrap tree #535, logLikelihood: -81519.487342
[01:47:59] [worker #2] Bootstrap tree #538, logLikelihood: -80717.029540
[01:48:04] [worker #0] Bootstrap tree #546, logLikelihood: -80622.479673
[01:48:06] [worker #1] Bootstrap tree #537, logLikelihood: -80976.128624
[01:48:33] [worker #3] Bootstrap tree #549, logLikelihood: -81100.751922
[01:48:42] [worker #2] Bootstrap tree #543, logLikelihood: -80612.243005
[01:48:45] [worker #4] Bootstrap tree #540, logLikelihood: -81041.667784
[01:48:53] [worker #1] Bootstrap tree #542, logLikelihood: -81048.953426
[01:49:34] [worker #1] Bootstrap tree #547, logLikelihood: -80794.255680
[01:49:37] [worker #4] Bootstrap tree #545, logLikelihood: -81139.009494
[01:49:40] [worker #2] Bootstrap tree #548, logLikelihood: -82033.672198
[01:50:23] [worker #4] Bootstrap tree #550, logLikelihood: -80795.415345
[01:50:53] [worker #0] Bootstrap tree #551, logLikelihood: -81172.938891
[01:51:11] [worker #2] Bootstrap tree #553, logLikelihood: -81172.297826
[01:51:17] [worker #3] Bootstrap tree #554, logLikelihood: -81577.720511
[01:51:24] [worker #4] Bootstrap tree #555, logLikelihood: -80852.857055
[01:51:33] [worker #0] Bootstrap tree #556, logLikelihood: -81188.552011
[01:51:46] [worker #1] Bootstrap tree #552, logLikelihood: -80868.783385
[01:52:06] [worker #3] Bootstrap tree #559, logLikelihood: -80942.562665
[01:52:09] [worker #2] Bootstrap tree #558, logLikelihood: -81101.796391
[01:52:15] [worker #0] Bootstrap tree #561, logLikelihood: -81546.805552
[01:52:22] [worker #1] Bootstrap tree #557, logLikelihood: -81174.821282
[01:52:33] [worker #4] Bootstrap tree #560, logLikelihood: -81231.221302
[01:52:34] [worker #3] Bootstrap tree #564, logLikelihood: -81935.385544
[01:52:44] [worker #2] Bootstrap tree #563, logLikelihood: -81487.108363
[01:53:00] [worker #0] Bootstrap tree #566, logLikelihood: -80620.687464
[01:53:13] [worker #1] Bootstrap tree #562, logLikelihood: -81472.758542
[01:53:19] [worker #4] Bootstrap tree #565, logLikelihood: -81132.286351
[01:53:40] [worker #3] Bootstrap tree #569, logLikelihood: -81111.659568
[01:53:53] [worker #2] Bootstrap tree #568, logLikelihood: -80873.395974
[01:53:57] [worker #0] Bootstrap tree #571, logLikelihood: -81252.291409
[01:53:57] [worker #1] Bootstrap tree #567, logLikelihood: -81725.805657
[01:54:04] [worker #4] Bootstrap tree #570, logLikelihood: -81219.794463
[01:54:29] [worker #2] Bootstrap tree #573, logLikelihood: -81105.334498
[01:54:41] [worker #4] Bootstrap tree #575, logLikelihood: -81184.670210
[01:54:52] [worker #3] Bootstrap tree #574, logLikelihood: -81048.281639
[01:54:52] [worker #1] Bootstrap tree #572, logLikelihood: -81472.366049
[01:55:01] [worker #0] Bootstrap tree #576, logLikelihood: -80779.900698
[01:55:15] [worker #2] Bootstrap tree #578, logLikelihood: -81192.786167
[01:55:35] [worker #4] Bootstrap tree #580, logLikelihood: -81038.235644
[01:55:37] [worker #0] Bootstrap tree #581, logLikelihood: -81139.970646
[01:55:51] [worker #1] Bootstrap tree #577, logLikelihood: -80774.575211
[01:56:07] [worker #3] Bootstrap tree #579, logLikelihood: -81579.648077
[01:56:10] [worker #2] Bootstrap tree #583, logLikelihood: -80988.965134
[01:56:49] [worker #4] Bootstrap tree #585, logLikelihood: -80933.437890
[01:56:51] [worker #0] Bootstrap tree #586, logLikelihood: -80979.960162
[01:57:02] [worker #1] Bootstrap tree #582, logLikelihood: -80968.645836
[01:57:09] [worker #3] Bootstrap tree #584, logLikelihood: -81224.416118
[01:57:24] [worker #2] Bootstrap tree #588, logLikelihood: -80654.512366
[01:57:31] [worker #4] Bootstrap tree #590, logLikelihood: -81147.253025
[01:57:46] [worker #0] Bootstrap tree #591, logLikelihood: -81095.001561
[01:58:06] [worker #1] Bootstrap tree #587, logLikelihood: -81652.254352
[01:58:07] [worker #4] Bootstrap tree #595, logLikelihood: -81934.772772
[01:58:08] [worker #2] Bootstrap tree #593, logLikelihood: -81247.326233
[01:58:22] [worker #3] Bootstrap tree #589, logLikelihood: -80694.147089
[01:58:44] [worker #2] Bootstrap tree #598, logLikelihood: -80631.800334
[01:58:44] [worker #0] Bootstrap tree #596, logLikelihood: -81023.524786
[01:58:49] [worker #1] Bootstrap tree #592, logLikelihood: -81120.005622
[01:58:59] [worker #3] Bootstrap tree #594, logLikelihood: -80657.002201
[01:59:10] [worker #4] Bootstrap tree #600, logLikelihood: -80586.718216
[01:59:23] [worker #1] Bootstrap tree #597, logLikelihood: -81308.553658
[01:59:46] [worker #3] Bootstrap tree #599, logLikelihood: -80762.443977
[02:00:19] [worker #1] Bootstrap tree #602, logLikelihood: -80795.119726
[02:00:23] [worker #4] Bootstrap tree #605, logLikelihood: -81094.874756
[02:00:27] [worker #3] Bootstrap tree #604, logLikelihood: -81006.989197
[02:00:46] [worker #2] Bootstrap tree #603, logLikelihood: -80707.502963
[02:00:53] [worker #0] Bootstrap tree #601, logLikelihood: -80951.443986
[02:01:07] [worker #1] Bootstrap tree #607, logLikelihood: -80770.765702
[02:01:21] [worker #4] Bootstrap tree #610, logLikelihood: -81119.735448
[02:01:30] [worker #3] Bootstrap tree #609, logLikelihood: -80903.605893
[02:01:48] [worker #2] Bootstrap tree #608, logLikelihood: -81256.181937
[02:01:53] [worker #1] Bootstrap tree #612, logLikelihood: -81440.206572
[02:01:56] [worker #0] Bootstrap tree #606, logLikelihood: -81554.246004
[02:02:15] [worker #3] Bootstrap tree #614, logLikelihood: -80861.984351
[02:02:28] [worker #4] Bootstrap tree #615, logLikelihood: -80820.488013
[02:02:29] [worker #2] Bootstrap tree #613, logLikelihood: -81808.941830
[02:02:37] [worker #1] Bootstrap tree #617, logLikelihood: -81151.488483
[02:02:43] [worker #0] Bootstrap tree #611, logLikelihood: -80772.615127
[02:02:45] [worker #3] Bootstrap tree #619, logLikelihood: -81078.293972
[02:03:11] [worker #1] Bootstrap tree #622, logLikelihood: -80614.465658
[02:03:24] [worker #4] Bootstrap tree #620, logLikelihood: -81145.328182
[02:03:27] [worker #2] Bootstrap tree #618, logLikelihood: -81166.356665
[02:03:44] [worker #3] Bootstrap tree #624, logLikelihood: -81695.970315
[02:03:53] [worker #1] Bootstrap tree #627, logLikelihood: -81831.111482
[02:03:57] [worker #0] Bootstrap tree #616, logLikelihood: -81082.355229
[02:04:18] [worker #4] Bootstrap tree #625, logLikelihood: -80749.428772
[02:04:41] [worker #3] Bootstrap tree #629, logLikelihood: -80676.462652
[02:04:49] [worker #2] Bootstrap tree #623, logLikelihood: -81339.189362
[02:04:50] [worker #0] Bootstrap tree #621, logLikelihood: -81034.244148
[02:05:05] [worker #4] Bootstrap tree #630, logLikelihood: -81047.355022
[02:05:07] [worker #1] Bootstrap tree #632, logLikelihood: -81369.688915
[02:05:24] [worker #2] Bootstrap tree #628, logLikelihood: -81256.155989
[02:05:37] [worker #0] Bootstrap tree #626, logLikelihood: -80759.085921
[02:05:41] [worker #3] Bootstrap tree #634, logLikelihood: -81551.889183
[02:06:04] [worker #2] Bootstrap tree #633, logLikelihood: -80524.370118
[02:06:05] [worker #4] Bootstrap tree #635, logLikelihood: -81511.521125
[02:06:09] [worker #1] Bootstrap tree #637, logLikelihood: -80905.493518
[02:06:15] [worker #3] Bootstrap tree #639, logLikelihood: -81041.288313
[02:06:41] [worker #0] Bootstrap tree #631, logLikelihood: -81752.615106
[02:06:49] [worker #3] Bootstrap tree #644, logLikelihood: -80692.877446
[02:06:53] [worker #4] Bootstrap tree #640, logLikelihood: -80228.168622
[02:07:03] [worker #1] Bootstrap tree #642, logLikelihood: -80460.915466
[02:07:08] [worker #2] Bootstrap tree #638, logLikelihood: -80823.024427
[02:07:28] [worker #3] Bootstrap tree #649, logLikelihood: -81040.584049
[02:07:32] [worker #0] Bootstrap tree #636, logLikelihood: -80493.552870
[02:07:37] [worker #1] Bootstrap tree #647, logLikelihood: -81039.377634
[02:07:54] [worker #4] Bootstrap tree #645, logLikelihood: -81882.348701
[02:08:02] [worker #2] Bootstrap tree #643, logLikelihood: -80842.337867
[02:08:26] [worker #0] Bootstrap tree #641, logLikelihood: -80839.252685
[02:08:49] [worker #0] Bootstrap tree #646, logLikelihood: -80968.475402
[02:08:51] [worker #2] Bootstrap tree #648, logLikelihood: -81804.530343
[02:09:06] [worker #4] Bootstrap tree #650, logLikelihood: -81258.759430
[02:10:05] [worker #1] Bootstrap tree #652, logLikelihood: -80979.131441
[02:10:05] [worker #0] Bootstrap tree #651, logLikelihood: -80762.966826
[02:10:26] [worker #2] Bootstrap tree #653, logLikelihood: -81197.899378
[02:10:27] [worker #3] Bootstrap tree #654, logLikelihood: -80729.956096
[02:10:27] [worker #4] Bootstrap tree #655, logLikelihood: -80394.608900
[02:11:07] [worker #0] Bootstrap tree #656, logLikelihood: -81003.811453
[02:11:07] [worker #1] Bootstrap tree #657, logLikelihood: -81157.508201
[02:11:27] [worker #3] Bootstrap tree #659, logLikelihood: -80718.054456
[02:11:43] [worker #4] Bootstrap tree #660, logLikelihood: -80681.914349
[02:11:59] [worker #2] Bootstrap tree #658, logLikelihood: -81316.127098
[02:12:00] [worker #0] Bootstrap tree #661, logLikelihood: -80732.245015
[02:12:11] [worker #1] Bootstrap tree #662, logLikelihood: -80593.380283
[02:12:29] [worker #3] Bootstrap tree #664, logLikelihood: -81009.743644
[02:12:35] [worker #4] Bootstrap tree #665, logLikelihood: -80988.498613
[02:12:58] [worker #0] Bootstrap tree #666, logLikelihood: -81451.072709
[02:13:14] [worker #2] Bootstrap tree #663, logLikelihood: -81165.319578
[02:13:15] [worker #1] Bootstrap tree #667, logLikelihood: -80951.987288
[02:13:18] [worker #3] Bootstrap tree #669, logLikelihood: -80863.610293
[02:13:33] [worker #4] Bootstrap tree #670, logLikelihood: -81338.811598
[02:13:46] [worker #0] Bootstrap tree #671, logLikelihood: -80968.145211
[02:13:56] [worker #3] Bootstrap tree #674, logLikelihood: -80703.332973
[02:14:02] [worker #2] Bootstrap tree #668, logLikelihood: -80693.516666
[02:14:11] [worker #4] Bootstrap tree #675, logLikelihood: -80941.099508
[02:14:12] [worker #1] Bootstrap tree #672, logLikelihood: -80779.611807
[02:14:28] [worker #3] Bootstrap tree #679, logLikelihood: -81089.199300
[02:14:30] [worker #0] Bootstrap tree #676, logLikelihood: -80802.713176
[02:14:51] [worker #3] Bootstrap tree #684, logLikelihood: -81083.724556
[02:15:04] [worker #0] Bootstrap tree #681, logLikelihood: -81086.737389
[02:15:05] [worker #4] Bootstrap tree #680, logLikelihood: -81142.007019
[02:15:09] [worker #1] Bootstrap tree #677, logLikelihood: -81134.800447
[02:15:18] [worker #3] Bootstrap tree #689, logLikelihood: -81058.597424
[02:15:21] [worker #2] Bootstrap tree #673, logLikelihood: -81336.516760
[02:15:51] [worker #4] Bootstrap tree #685, logLikelihood: -81021.633861
[02:15:54] [worker #0] Bootstrap tree #686, logLikelihood: -81270.546863
[02:16:01] [worker #2] Bootstrap tree #678, logLikelihood: -80747.970629
[02:16:01] [worker #1] Bootstrap tree #682, logLikelihood: -80832.504829
[02:16:14] [worker #3] Bootstrap tree #694, logLikelihood: -81040.368356
[02:16:24] [worker #2] Bootstrap tree #683, logLikelihood: -81265.440982
[02:16:44] [worker #0] Bootstrap tree #691, logLikelihood: -81201.286709
[02:16:47] [worker #4] Bootstrap tree #690, logLikelihood: -81438.340786
[02:16:54] [worker #3] Bootstrap tree #699, logLikelihood: -81254.013433
[02:17:01] [worker #2] Bootstrap tree #688, logLikelihood: -80902.498206
[02:17:15] [worker #1] Bootstrap tree #687, logLikelihood: -80851.152590
[02:17:17] [worker #4] Bootstrap tree #695, logLikelihood: -80561.452010
[02:17:27] [worker #0] Bootstrap tree #696, logLikelihood: -80797.361204
[02:17:48] [worker #2] Bootstrap tree #693, logLikelihood: -80768.652023
[02:17:58] [worker #4] Bootstrap tree #700, logLikelihood: -80731.068384
[02:18:03] [worker #1] Bootstrap tree #692, logLikelihood: -80105.265590
[02:18:26] [worker #2] Bootstrap tree #698, logLikelihood: -80917.408390
[02:18:50] [worker #1] Bootstrap tree #697, logLikelihood: -81345.222944
[02:19:30] [worker #4] Bootstrap tree #705, logLikelihood: -81717.347396
[02:19:38] [worker #3] Bootstrap tree #704, logLikelihood: -81290.549631
[02:19:39] [worker #0] Bootstrap tree #701, logLikelihood: -80606.120958
[02:19:41] [worker #2] Bootstrap tree #703, logLikelihood: -80839.255558
[02:19:43] [worker #1] Bootstrap tree #702, logLikelihood: -81353.567297
[02:20:08] [worker #4] Bootstrap tree #710, logLikelihood: -81077.652274
[02:20:20] [worker #1] Bootstrap tree #707, logLikelihood: -80944.145587
[02:20:46] [worker #3] Bootstrap tree #709, logLikelihood: -81251.757736
[02:20:46] [worker #2] Bootstrap tree #708, logLikelihood: -81010.375505
[02:20:58] [worker #0] Bootstrap tree #706, logLikelihood: -81584.539120
[02:21:01] [worker #1] Bootstrap tree #712, logLikelihood: -80744.110547
[02:21:06] [worker #4] Bootstrap tree #715, logLikelihood: -81381.394791
[02:21:23] [worker #3] Bootstrap tree #714, logLikelihood: -80354.978543
[02:21:48] [worker #4] Bootstrap tree #720, logLikelihood: -81768.049162
[02:21:54] [worker #2] Bootstrap tree #713, logLikelihood: -81378.700547
[02:21:54] [worker #1] Bootstrap tree #717, logLikelihood: -81137.995794
[02:21:56] [worker #0] Bootstrap tree #711, logLikelihood: -81400.694524
[02:22:17] [worker #3] Bootstrap tree #719, logLikelihood: -80843.756766
[02:22:31] [worker #4] Bootstrap tree #725, logLikelihood: -81013.481235
[02:22:38] [worker #1] Bootstrap tree #722, logLikelihood: -80917.467178
[02:22:43] [worker #2] Bootstrap tree #718, logLikelihood: -80587.792522
[02:22:48] [worker #0] Bootstrap tree #716, logLikelihood: -80465.093146
[02:23:20] [worker #3] Bootstrap tree #724, logLikelihood: -81125.803358
[02:23:21] [worker #2] Bootstrap tree #723, logLikelihood: -81040.779055
[02:23:32] [worker #1] Bootstrap tree #727, logLikelihood: -80775.047887
[02:23:35] [worker #4] Bootstrap tree #730, logLikelihood: -81261.793000
[02:23:54] [worker #3] Bootstrap tree #729, logLikelihood: -80884.155743
[02:24:02] [worker #0] Bootstrap tree #721, logLikelihood: -81161.823476
[02:24:08] [worker #4] Bootstrap tree #735, logLikelihood: -80983.902155
[02:24:16] [worker #2] Bootstrap tree #728, logLikelihood: -80982.217380
[02:24:45] [worker #1] Bootstrap tree #732, logLikelihood: -80956.681150
[02:24:47] [worker #4] Bootstrap tree #740, logLikelihood: -81087.767221
[02:24:48] [worker #0] Bootstrap tree #726, logLikelihood: -81168.802377
[02:24:58] [worker #3] Bootstrap tree #734, logLikelihood: -80905.731921
[02:25:14] [worker #2] Bootstrap tree #733, logLikelihood: -80794.122214
[02:25:32] [worker #0] Bootstrap tree #731, logLikelihood: -81427.968193
[02:25:38] [worker #4] Bootstrap tree #745, logLikelihood: -81439.259112
[02:25:53] [worker #3] Bootstrap tree #739, logLikelihood: -80614.423223
[02:26:04] [worker #1] Bootstrap tree #737, logLikelihood: -80634.632182
[02:26:15] [worker #2] Bootstrap tree #738, logLikelihood: -80947.307384
[02:26:32] [worker #4] Bootstrap tree #750, logLikelihood: -81021.020011
[02:26:35] [worker #0] Bootstrap tree #736, logLikelihood: -81336.994073
[02:26:42] [worker #3] Bootstrap tree #744, logLikelihood: -81539.175252
[02:26:45] [worker #1] Bootstrap tree #742, logLikelihood: -81392.399890
[02:27:10] [worker #2] Bootstrap tree #743, logLikelihood: -81172.676579
[02:27:12] [worker #0] Bootstrap tree #741, logLikelihood: -80788.209312
[02:27:23] [worker #1] Bootstrap tree #747, logLikelihood: -80495.935056
[02:27:46] [worker #3] Bootstrap tree #749, logLikelihood: -80897.127640
[02:27:54] [worker #0] Bootstrap tree #746, logLikelihood: -80859.110325
[02:28:20] [worker #2] Bootstrap tree #748, logLikelihood: -81195.426325
[02:28:56] [worker #3] Bootstrap tree #754, logLikelihood: -80574.561866
[02:29:06] [worker #4] Bootstrap tree #755, logLikelihood: -81071.351543
[02:29:10] [worker #0] Bootstrap tree #751, logLikelihood: -80670.680865
[02:29:10] [worker #1] Bootstrap tree #752, logLikelihood: -81356.874934
[02:29:21] [worker #2] Bootstrap tree #753, logLikelihood: -80961.986178
[02:29:27] [worker #3] Bootstrap tree #759, logLikelihood: -81083.514885
[02:30:01] [worker #1] Bootstrap tree #757, logLikelihood: -81239.644570
[02:30:02] [worker #0] Bootstrap tree #756, logLikelihood: -80546.188794
[02:30:09] [worker #2] Bootstrap tree #758, logLikelihood: -81010.777250
[02:30:31] [worker #3] Bootstrap tree #764, logLikelihood: -81013.075069
[02:30:43] [worker #4] Bootstrap tree #760, logLikelihood: -80978.454920
[02:30:56] [worker #2] Bootstrap tree #763, logLikelihood: -80626.726250
[02:31:11] [worker #0] Bootstrap tree #761, logLikelihood: -81109.747169
[02:31:11] [worker #3] Bootstrap tree #769, logLikelihood: -81408.562860
[02:31:24] [worker #1] Bootstrap tree #762, logLikelihood: -80913.708101
[02:31:36] [worker #4] Bootstrap tree #765, logLikelihood: -80924.160660
[02:31:45] [worker #3] Bootstrap tree #774, logLikelihood: -81271.134482
[02:31:56] [worker #2] Bootstrap tree #768, logLikelihood: -80791.638274
[02:32:14] [worker #0] Bootstrap tree #766, logLikelihood: -81305.233663
[02:32:14] [worker #3] Bootstrap tree #779, logLikelihood: -81258.915693
[02:32:22] [worker #4] Bootstrap tree #770, logLikelihood: -80402.876729
[02:32:43] [worker #1] Bootstrap tree #767, logLikelihood: -81035.472530
[02:32:59] [worker #3] Bootstrap tree #784, logLikelihood: -80933.424614
[02:33:01] [worker #0] Bootstrap tree #771, logLikelihood: -81318.942404
[02:33:01] [worker #2] Bootstrap tree #773, logLikelihood: -80771.123834
[02:33:39] [worker #4] Bootstrap tree #775, logLikelihood: -81185.283104
[02:33:46] [worker #3] Bootstrap tree #789, logLikelihood: -81216.163629
[02:33:52] [worker #0] Bootstrap tree #776, logLikelihood: -80483.948135
[02:33:53] [worker #1] Bootstrap tree #772, logLikelihood: -81254.670764
[02:33:56] [worker #2] Bootstrap tree #778, logLikelihood: -80565.543318
[02:34:19] [worker #4] Bootstrap tree #780, logLikelihood: -81201.549180
[02:34:25] [worker #3] Bootstrap tree #794, logLikelihood: -81053.169424
[02:34:29] [worker #0] Bootstrap tree #781, logLikelihood: -81064.689683
[02:34:50] [worker #2] Bootstrap tree #783, logLikelihood: -80516.460291
[02:34:52] [worker #3] Bootstrap tree #799, logLikelihood: -80986.820191
[02:35:00] [worker #1] Bootstrap tree #777, logLikelihood: -80134.199182
[02:35:00] [worker #4] Bootstrap tree #785, logLikelihood: -81379.870574
[02:35:15] [worker #0] Bootstrap tree #786, logLikelihood: -80790.382015
[02:35:29] [worker #2] Bootstrap tree #788, logLikelihood: -80877.351421
[02:35:35] [worker #1] Bootstrap tree #782, logLikelihood: -81054.645284
[02:35:39] [worker #4] Bootstrap tree #790, logLikelihood: -81333.087256
[02:36:05] [worker #1] Bootstrap tree #787, logLikelihood: -80930.361434
[02:36:10] [worker #2] Bootstrap tree #793, logLikelihood: -80624.633913
[02:36:12] [worker #4] Bootstrap tree #795, logLikelihood: -80691.992166
[02:36:29] [worker #0] Bootstrap tree #791, logLikelihood: -81072.231320
[02:36:42] [worker #2] Bootstrap tree #798, logLikelihood: -81057.587813
[02:36:42] [worker #1] Bootstrap tree #792, logLikelihood: -81081.169222
[02:36:51] [worker #4] Bootstrap tree #800, logLikelihood: -81416.411379
[02:37:12] [worker #0] Bootstrap tree #796, logLikelihood: -81175.399089
[02:37:26] [worker #1] Bootstrap tree #797, logLikelihood: -80917.054334
[02:38:03] [worker #0] Bootstrap tree #801, logLikelihood: -81179.102446
[02:38:09] [worker #3] Bootstrap tree #804, logLikelihood: -80917.638017
[02:38:28] [worker #2] Bootstrap tree #803, logLikelihood: -81454.481722
[02:38:31] [worker #4] Bootstrap tree #805, logLikelihood: -81293.115347
[02:38:32] [worker #0] Bootstrap tree #806, logLikelihood: -81155.706852
[02:38:41] [worker #1] Bootstrap tree #802, logLikelihood: -80524.139348
[02:38:49] [worker #3] Bootstrap tree #809, logLikelihood: -81342.832020
[02:39:08] [worker #0] Bootstrap tree #811, logLikelihood: -80750.843352
[02:39:17] [worker #2] Bootstrap tree #808, logLikelihood: -80806.173493
[02:39:39] [worker #3] Bootstrap tree #814, logLikelihood: -80952.498622
[02:39:49] [worker #4] Bootstrap tree #810, logLikelihood: -81572.375456
[02:39:50] [worker #1] Bootstrap tree #807, logLikelihood: -81061.756114
[02:39:59] [worker #0] Bootstrap tree #816, logLikelihood: -80614.210283
[02:40:10] [worker #2] Bootstrap tree #813, logLikelihood: -81206.207888
[02:40:30] [worker #4] Bootstrap tree #815, logLikelihood: -80936.080922
[02:40:48] [worker #3] Bootstrap tree #819, logLikelihood: -80764.736467
[02:40:50] [worker #2] Bootstrap tree #818, logLikelihood: -80994.981888
[02:40:51] [worker #0] Bootstrap tree #821, logLikelihood: -80652.240488
[02:40:54] [worker #1] Bootstrap tree #812, logLikelihood: -80941.896587
[02:41:32] [worker #2] Bootstrap tree #823, logLikelihood: -80857.852583
[02:41:42] [worker #1] Bootstrap tree #817, logLikelihood: -81291.012937
[02:41:46] [worker #4] Bootstrap tree #820, logLikelihood: -80558.950260
[02:41:48] [worker #3] Bootstrap tree #824, logLikelihood: -81500.663052
[02:41:50] [worker #0] Bootstrap tree #826, logLikelihood: -80700.094329
[02:42:10] [worker #2] Bootstrap tree #828, logLikelihood: -81016.379814
[02:42:24] [worker #1] Bootstrap tree #822, logLikelihood: -81367.623169
[02:42:37] [worker #0] Bootstrap tree #831, logLikelihood: -80697.957437
[02:42:49] [worker #4] Bootstrap tree #825, logLikelihood: -81299.345500
[02:42:50] [worker #2] Bootstrap tree #833, logLikelihood: -80895.360207
[02:43:14] [worker #1] Bootstrap tree #827, logLikelihood: -80914.177220
[02:43:16] [worker #3] Bootstrap tree #829, logLikelihood: -81209.228643
[02:43:27] [worker #4] Bootstrap tree #830, logLikelihood: -81409.816235
[02:43:42] [worker #0] Bootstrap tree #836, logLikelihood: -81302.241449
[02:43:48] [worker #2] Bootstrap tree #838, logLikelihood: -80806.876206
[02:44:08] [worker #4] Bootstrap tree #835, logLikelihood: -81080.784476
[02:44:14] [worker #1] Bootstrap tree #832, logLikelihood: -80957.923980
[02:44:18] [worker #3] Bootstrap tree #834, logLikelihood: -80974.296131
[02:44:18] [worker #0] Bootstrap tree #841, logLikelihood: -80583.765628
[02:44:38] [worker #2] Bootstrap tree #843, logLikelihood: -80728.619227
[02:44:57] [worker #1] Bootstrap tree #837, logLikelihood: -81311.531533
[02:45:00] [worker #4] Bootstrap tree #840, logLikelihood: -81580.020687
[02:45:00] [worker #0] Bootstrap tree #846, logLikelihood: -80457.508243
[02:45:11] [worker #3] Bootstrap tree #839, logLikelihood: -80842.327991
[02:45:14] [worker #2] Bootstrap tree #848, logLikelihood: -81057.120241
[02:45:40] [worker #3] Bootstrap tree #844, logLikelihood: -81005.439327
[02:45:50] [worker #1] Bootstrap tree #842, logLikelihood: -80924.085974
[02:46:00] [worker #4] Bootstrap tree #845, logLikelihood: -81514.318086
[02:46:15] [worker #3] Bootstrap tree #849, logLikelihood: -80893.942035
[02:46:31] [worker #4] Bootstrap tree #850, logLikelihood: -80781.895570
[02:46:38] [worker #1] Bootstrap tree #847, logLikelihood: -81622.714682
[02:47:24] [worker #2] Bootstrap tree #853, logLikelihood: -81200.110337
[02:47:26] [worker #0] Bootstrap tree #851, logLikelihood: -81092.668565
[02:47:32] [worker #4] Bootstrap tree #855, logLikelihood: -80264.544351
[02:47:46] [worker #3] Bootstrap tree #854, logLikelihood: -81146.143531
[02:47:56] [worker #1] Bootstrap tree #852, logLikelihood: -81672.825621
[02:48:21] [worker #0] Bootstrap tree #856, logLikelihood: -80974.458371
[02:48:29] [worker #4] Bootstrap tree #860, logLikelihood: -80552.529356
[02:48:33] [worker #2] Bootstrap tree #858, logLikelihood: -80552.956621
[02:48:46] [worker #1] Bootstrap tree #857, logLikelihood: -80764.383435
[02:48:57] [worker #3] Bootstrap tree #859, logLikelihood: -80585.188815
[02:49:07] [worker #2] Bootstrap tree #863, logLikelihood: -81013.755640
[02:49:25] [worker #0] Bootstrap tree #861, logLikelihood: -81542.808708
[02:49:33] [worker #4] Bootstrap tree #865, logLikelihood: -80843.582335
[02:49:43] [worker #1] Bootstrap tree #862, logLikelihood: -81371.413423
[02:49:43] [worker #3] Bootstrap tree #864, logLikelihood: -80669.101637
[02:50:03] [worker #2] Bootstrap tree #868, logLikelihood: -81156.463706
[02:50:19] [worker #0] Bootstrap tree #866, logLikelihood: -80841.484215
[02:50:26] [worker #4] Bootstrap tree #870, logLikelihood: -81134.533296
[02:50:30] [worker #1] Bootstrap tree #867, logLikelihood: -81267.618784
[02:50:33] [worker #3] Bootstrap tree #869, logLikelihood: -80663.937574
[02:50:47] [worker #2] Bootstrap tree #873, logLikelihood: -81408.880590
[02:50:51] [worker #4] Bootstrap tree #875, logLikelihood: -81149.222333
[02:50:52] [worker #0] Bootstrap tree #871, logLikelihood: -81629.938552
[02:51:12] [worker #1] Bootstrap tree #872, logLikelihood: -81493.949011
[02:51:14] [worker #3] Bootstrap tree #874, logLikelihood: -81128.050343
[02:51:22] [worker #2] Bootstrap tree #878, logLikelihood: -81053.631920
[02:51:25] [worker #0] Bootstrap tree #876, logLikelihood: -81317.162102
[02:51:38] [worker #4] Bootstrap tree #880, logLikelihood: -81226.045424
[02:51:43] [worker #3] Bootstrap tree #879, logLikelihood: -81173.211560
[02:51:45] [worker #1] Bootstrap tree #877, logLikelihood: -81275.665498
[02:51:59] [worker #0] Bootstrap tree #881, logLikelihood: -80810.356912
[02:52:00] [worker #2] Bootstrap tree #883, logLikelihood: -81432.437587
[02:52:22] [worker #4] Bootstrap tree #885, logLikelihood: -81425.362239
[02:52:33] [worker #1] Bootstrap tree #882, logLikelihood: -81538.879788
[02:52:34] [worker #0] Bootstrap tree #886, logLikelihood: -80616.512027
[02:52:41] [worker #2] Bootstrap tree #888, logLikelihood: -80754.215705
[02:52:49] [worker #3] Bootstrap tree #884, logLikelihood: -80351.491098
[02:53:06] [worker #0] Bootstrap tree #891, logLikelihood: -81425.196927
[02:53:18] [worker #2] Bootstrap tree #893, logLikelihood: -80677.862243
[02:53:27] [worker #4] Bootstrap tree #890, logLikelihood: -81587.984878
[02:53:38] [worker #0] Bootstrap tree #896, logLikelihood: -81259.307465
[02:53:44] [worker #3] Bootstrap tree #889, logLikelihood: -81302.507409
[02:53:45] [worker #1] Bootstrap tree #887, logLikelihood: -81082.605360
[02:53:57] [worker #2] Bootstrap tree #898, logLikelihood: -81148.481622
[02:54:17] [worker #4] Bootstrap tree #895, logLikelihood: -80319.246787
[02:54:33] [worker #3] Bootstrap tree #894, logLikelihood: -80748.841859
[02:54:35] [worker #1] Bootstrap tree #892, logLikelihood: -81186.529987
[02:55:03] [worker #4] Bootstrap tree #900, logLikelihood: -81252.180367
[02:55:17] [worker #1] Bootstrap tree #897, logLikelihood: -81328.170657
[02:55:57] [worker #3] Bootstrap tree #899, logLikelihood: -81383.787009
[02:56:38] [worker #2] Bootstrap tree #903, logLikelihood: -81041.059540
[02:56:39] [worker #3] Bootstrap tree #904, logLikelihood: -81595.455854
[02:56:44] [worker #0] Bootstrap tree #901, logLikelihood: -80386.236159
[02:56:56] [worker #4] Bootstrap tree #905, logLikelihood: -81060.916118
[02:57:01] [worker #1] Bootstrap tree #902, logLikelihood: -81126.907164
[02:57:14] [worker #2] Bootstrap tree #908, logLikelihood: -81203.867313
[02:57:16] [worker #0] Bootstrap tree #906, logLikelihood: -81756.036203
[02:57:27] [worker #3] Bootstrap tree #909, logLikelihood: -81199.959725
[02:57:45] [worker #1] Bootstrap tree #907, logLikelihood: -80462.693532
[02:57:47] [worker #4] Bootstrap tree #910, logLikelihood: -81594.389723
[02:57:58] [worker #0] Bootstrap tree #911, logLikelihood: -81995.298781
[02:58:08] [worker #2] Bootstrap tree #913, logLikelihood: -80939.555804
[02:58:18] [worker #3] Bootstrap tree #914, logLikelihood: -80974.768534
[02:58:30] [worker #1] Bootstrap tree #912, logLikelihood: -80950.729019
[02:58:33] [worker #4] Bootstrap tree #915, logLikelihood: -81101.850569
[02:58:38] [worker #2] Bootstrap tree #918, logLikelihood: -80812.348975
[02:58:46] [worker #0] Bootstrap tree #916, logLikelihood: -80992.833629
[02:58:58] [worker #3] Bootstrap tree #919, logLikelihood: -80611.010005
[02:59:12] [worker #4] Bootstrap tree #920, logLikelihood: -81283.338169
[02:59:24] [worker #2] Bootstrap tree #923, logLikelihood: -80800.803368
[02:59:29] [worker #3] Bootstrap tree #924, logLikelihood: -81472.819326
[02:59:34] [worker #0] Bootstrap tree #921, logLikelihood: -80933.277762
[02:59:36] [worker #1] Bootstrap tree #917, logLikelihood: -81029.558755
[02:59:59] [worker #4] Bootstrap tree #925, logLikelihood: -81263.865573
[03:00:03] [worker #0] Bootstrap tree #926, logLikelihood: -81277.511678
[03:00:29] [worker #1] Bootstrap tree #922, logLikelihood: -81104.322174
[03:00:30] [worker #3] Bootstrap tree #929, logLikelihood: -80976.912255
[03:00:41] [worker #2] Bootstrap tree #928, logLikelihood: -80456.030224
[03:00:50] [worker #0] Bootstrap tree #931, logLikelihood: -81176.199771
[03:01:00] [worker #4] Bootstrap tree #930, logLikelihood: -80716.698929
[03:01:05] [worker #1] Bootstrap tree #927, logLikelihood: -80709.777739
[03:01:27] [worker #0] Bootstrap tree #936, logLikelihood: -81222.525124
[03:01:27] [worker #3] Bootstrap tree #934, logLikelihood: -80966.825496
[03:01:35] [worker #1] Bootstrap tree #932, logLikelihood: -81212.597705
[03:02:03] [worker #4] Bootstrap tree #935, logLikelihood: -81574.275780
[03:02:05] [worker #2] Bootstrap tree #933, logLikelihood: -81211.583483
[03:02:15] [worker #0] Bootstrap tree #941, logLikelihood: -81290.598148
[03:02:16] [worker #1] Bootstrap tree #937, logLikelihood: -81163.112460
[03:02:29] [worker #3] Bootstrap tree #939, logLikelihood: -80664.718820
[03:02:50] [worker #0] Bootstrap tree #946, logLikelihood: -80712.782857
[03:02:54] [worker #4] Bootstrap tree #940, logLikelihood: -80520.456608
[03:02:57] [worker #1] Bootstrap tree #942, logLikelihood: -80978.346167
[03:03:01] [worker #3] Bootstrap tree #944, logLikelihood: -80995.638044
[03:03:07] [worker #2] Bootstrap tree #938, logLikelihood: -81187.508918
[03:03:36] [worker #1] Bootstrap tree #947, logLikelihood: -81382.017929
[03:03:51] [worker #4] Bootstrap tree #945, logLikelihood: -80909.953317
[03:03:54] [worker #3] Bootstrap tree #949, logLikelihood: -81633.693435
[03:04:03] [worker #2] Bootstrap tree #943, logLikelihood: -81001.696870
[03:04:25] [worker #4] Bootstrap tree #950, logLikelihood: -81187.560066
[03:04:38] [worker #2] Bootstrap tree #948, logLikelihood: -80849.233058
[03:05:10] [worker #0] Bootstrap tree #951, logLikelihood: -81398.200630
[03:05:22] [worker #3] Bootstrap tree #954, logLikelihood: -80953.470002
[03:05:26] [worker #4] Bootstrap tree #955, logLikelihood: -80855.045483
[03:05:47] [worker #1] Bootstrap tree #952, logLikelihood: -80534.549504
[03:05:52] [worker #2] Bootstrap tree #953, logLikelihood: -80875.976238
[03:06:01] [worker #0] Bootstrap tree #956, logLikelihood: -80575.055854
[03:06:14] [worker #4] Bootstrap tree #960, logLikelihood: -80650.963999
[03:06:22] [worker #3] Bootstrap tree #959, logLikelihood: -80506.013263
[03:06:37] [worker #1] Bootstrap tree #957, logLikelihood: -80593.900665
[03:07:02] [worker #2] Bootstrap tree #958, logLikelihood: -81541.977327
[03:07:04] [worker #0] Bootstrap tree #961, logLikelihood: -81367.190668
[03:07:10] [worker #3] Bootstrap tree #964, logLikelihood: -81342.200209
[03:07:12] [worker #4] Bootstrap tree #965, logLikelihood: -81110.688943
[03:07:40] [worker #0] Bootstrap tree #966, logLikelihood: -81349.868457
[03:07:43] [worker #1] Bootstrap tree #962, logLikelihood: -81262.363524
[03:08:01] [worker #4] Bootstrap tree #970, logLikelihood: -81471.909610
[03:08:01] [worker #2] Bootstrap tree #963, logLikelihood: -80939.109652
[03:08:15] [worker #3] Bootstrap tree #969, logLikelihood: -80704.628062
[03:08:30] [worker #0] Bootstrap tree #971, logLikelihood: -80910.901654
[03:08:42] [worker #1] Bootstrap tree #967, logLikelihood: -80696.047497
[03:08:54] [worker #4] Bootstrap tree #975, logLikelihood: -80755.066637
[03:09:08] [worker #0] Bootstrap tree #976, logLikelihood: -80706.107468
[03:09:13] [worker #2] Bootstrap tree #968, logLikelihood: -80973.581512
[03:09:16] [worker #3] Bootstrap tree #974, logLikelihood: -80961.203766
[03:09:34] [worker #1] Bootstrap tree #972, logLikelihood: -80992.455708
[03:09:38] [worker #4] Bootstrap tree #980, logLikelihood: -81030.358529
[03:10:04] [worker #3] Bootstrap tree #979, logLikelihood: -80565.437383
[03:10:20] [worker #0] Bootstrap tree #981, logLikelihood: -81257.714104
[03:10:27] [worker #2] Bootstrap tree #973, logLikelihood: -81279.795577
[03:10:38] [worker #1] Bootstrap tree #977, logLikelihood: -81161.727491
[03:10:54] [worker #4] Bootstrap tree #985, logLikelihood: -80930.352068
[03:10:55] [worker #3] Bootstrap tree #984, logLikelihood: -80857.553668
[03:11:08] [worker #0] Bootstrap tree #986, logLikelihood: -80578.213021
[03:11:08] [worker #2] Bootstrap tree #978, logLikelihood: -81176.317477
[03:11:32] [worker #1] Bootstrap tree #982, logLikelihood: -80719.195007
[03:11:57] [worker #4] Bootstrap tree #990, logLikelihood: -80982.544264
[03:12:02] [worker #2] Bootstrap tree #983, logLikelihood: -80821.987383
[03:12:03] [worker #0] Bootstrap tree #991, logLikelihood: -80981.007120
[03:12:11] [worker #1] Bootstrap tree #987, logLikelihood: -80753.011777
[03:12:23] [worker #3] Bootstrap tree #989, logLikelihood: -81313.802669
[03:12:30] [worker #4] Bootstrap tree #995, logLikelihood: -80809.279682
[03:12:52] [worker #2] Bootstrap tree #988, logLikelihood: -80610.922784
[03:13:00] [worker #0] Bootstrap tree #996, logLikelihood: -80877.839489
[03:13:09] [worker #1] Bootstrap tree #992, logLikelihood: -81155.353649
[03:13:09] [worker #4] Bootstrap tree #1000, logLikelihood: -80760.608559
[03:13:13] [worker #3] Bootstrap tree #994, logLikelihood: -80591.813865
[03:13:38] [worker #2] Bootstrap tree #993, logLikelihood: -81305.748148
[03:13:47] [worker #1] Bootstrap tree #997, logLikelihood: -80632.377564
[03:13:55] [worker #3] Bootstrap tree #999, logLikelihood: -80864.573320
[03:14:17] [worker #2] Bootstrap tree #998, logLikelihood: -80723.065583

Optimized model parameters:

   Partition 0: noname
   Rate heterogeneity: GAMMA (16 cats, mean),  alpha: 0.506898 (ML),  weights&rates: (0.062500,0.002207) (0.062500,0.015186) (0.062500,0.041041) (0.062500,0.080259) (0.062500,0.133788) (0.062500,0.203091) (0.062500,0.290290) (0.062500,0.398413) (0.062500,0.531822) (0.062500,0.696955) (0.062500,0.903727) (0.062500,1.168391) (0.062500,1.520165) (0.062500,2.019870) (0.062500,2.833229) (0.062500,5.161566) 
   P-inv (ML): 0.931555
   Base frequencies (ML): 0.283258 0.209281 0.226604 0.280857 
   Substitution rates (ML): 1.000000 2.486672 1.000000 1.000000 2.486672 1.000000 


Final LogLikelihood: -81178.749405

AIC score: 162655.498809 / AICc score: 162656.354181 / BIC score: 163976.654174
Free parameters (model + branch lengths): 149

WARNING: Best ML tree contains 4 near-zero branches!

Best ML tree with collapsed near-zero branches saved to: /home/cassislab/Scratch/Guoyi/dart/gl_output_rmq.fasta.raxml.bestTreeCollapsed
Best ML tree saved to: /home/cassislab/Scratch/Guoyi/dart/gl_output_rmq.fasta.raxml.bestTree
All ML trees saved to: /home/cassislab/Scratch/Guoyi/dart/gl_output_rmq.fasta.raxml.mlTrees
Best ML tree with Felsenstein bootstrap (FBP) support values saved to: /home/cassislab/Scratch/Guoyi/dart/gl_output_rmq.fasta.raxml.support
Optimized model saved to: /home/cassislab/Scratch/Guoyi/dart/gl_output_rmq.fasta.raxml.bestModel
Bootstrap trees saved to: /home/cassislab/Scratch/Guoyi/dart/gl_output_rmq.fasta.raxml.bootstraps

Execution log saved to: /home/cassislab/Scratch/Guoyi/dart/gl_output_rmq.fasta.raxml.log

Analysis started: 05-Feb-2025 17:52:03 / finished: 05-Feb-2025 21:06:21

Elapsed time: 11657.976 seconds

